<?xml version="1.0" encoding="UTF-8"?>
<!-- Generated by org.testng.reporters.JUnitReportReporter -->
<testsuite skipped="1" hostname="olgas-Air.fios-router.home" name="Tests.ContactsPageTest" tests="2" failures="0" timestamp="03 Dec 2019 00:32:21 GMT" time="19.025" errors="0">
  <testcase name="verifyContactsPageTitle" time="19.025" classname="Tests.ContactsPageTest"/>
  <testcase name="createNewPOMContactTest" time="0.000" classname="Tests.ContactsPageTest">
    <skipped/>
  </testcase> <!-- createNewPOMContactTest -->
</testsuite> <!-- Tests.ContactsPageTest -->
