<?xml version="1.0" encoding="UTF-8"?>
<!-- Generated by org.testng.reporters.JUnitReportReporter -->
<testsuite skipped="0" hostname="olgas-Air.fios-router.home" name="Tests.LoginPageTest" tests="1" failures="0" timestamp="03 Dec 2019 02:18:22 GMT" time="21.394" errors="0">
  <testcase name="loginTest" time="21.394" classname="Tests.LoginPageTest"/>
</testsuite> <!-- Tests.LoginPageTest -->
